[2025-09-18 15:46:47] 自动化开始
[2025-09-18 15:46:47] 开始第 1/1 轮
[2025-09-18 15:46:47] [自动发送] (1/2) 111
[2025-09-18 15:46:47] 发送: 111
[2025-09-18 15:46:47] [自动发送] (2/2) 222
[2025-09-18 15:46:47] 发送: 222
[2025-09-18 15:46:48] 自动化任务完成
[2025-09-18 15:47:00] 串口已打开: COM3
[2025-09-18 15:47:00] [接收] [WiFi] Disconnecting from WiFi!
[2025-09-18 15:47:01] [接收] [WiFi] Disconnecting from WiFi!
[2025-09-18 15:47:02] [接收] [WiFi] Disconnecting from WiFi!
[2025-09-18 15:47:03] [接收] [WiFi] Disconnecting from WiFi!
[2025-09-18 15:47:04] [接收] [WiFi] Disconnecting from WiFi!
[2025-09-18 15:47:05] [接收] [WiFi] Disconnecting from WiFi!
[2025-09-18 15:47:06] [接收] [WiFi] Disconnecting from WiFi!
[2025-09-18 15:47:07] [接收] [WiFi] Disconnecting from WiFi!
[2025-09-18 15:47:08] [接收] [WiFi] Disconnecting from WiFi!
[2025-09-18 15:47:09] [接收] [WiFi] Disconnecting from WiFi!
[2025-09-18 15:47:10] [接收] [WiFi] Disconnecting from WiFi!
[2025-09-18 15:47:11] [接收] [WiFi] Disconnecting from WiFi!
[2025-09-18 15:47:12] [接收] [WiFi] Disconnecting from WiFi!
[2025-09-18 15:47:13] [接收] [WiFi] Disconnecting from WiFi!
[2025-09-18 15:47:14] [接收] [WiFi] Disconnecting from WiFi!
[2025-09-18 15:47:15] [接收] [WiFi] Disconnecting from WiFi!
[2025-09-18 15:47:16] [接收] [WiFi] Disconnecting from WiFi!
[2025-09-18 15:47:17] [接收] [WiFi] Disconnecting from WiFi!
[2025-09-18 15:47:18] [接收] [WiFi] Disconnecting from WiFi!
[2025-09-18 15:47:19] [接收] [WiFi] Disconnecting from WiFi!
[2025-09-18 15:47:20] [接收] [WiFi] Disconnecting from WiFi!
[2025-09-18 15:47:21] [接收] [WiFi] Disconnecting from WiFi!
[2025-09-18 15:47:22] [接收] [WiFi] Disconnecting from WiFi!
[2025-09-18 15:47:23] [接收] [WiFi] Disconnecting from WiFi!
[2025-09-18 15:47:24] [接收] [WiFi] Disconnecting from WiFi!
[2025-09-18 15:47:25] [接收] [WiFi] Disconnecting from WiFi!
[2025-09-18 15:47:26] [接收] [WiFi] Disconnecting from WiFi!
[2025-09-18 15:47:27] [接收] [WiFi] Disconnecting from WiFi!
[2025-09-18 15:47:28] [接收] [WiFi] Disconnecting from WiFi!
[2025-09-18 15:47:30] [接收] [WiFi] Disconnecting from WiFi!
[2025-09-18 15:47:30] [接收] [WiFi] Disconnecting from WiFi!
[2025-09-18 15:47:31] [接收] [WiFi] Disconnecting from WiFi!
[2025-09-18 15:47:32] [接收] [WiFi] Disconnecting from WiFi!
[2025-09-18 15:47:33] [接收] [WiFi] Disconnecting from WiFi!
[2025-09-18 15:47:35] [接收] [WiFi] Disconnecting from WiFi!
[2025-09-18 15:47:36] [接收] [WiFi] Disconnecting from WiFi!
[2025-09-18 15:47:36] [接收] [WiFi] Disconnecting from WiFi!
[2025-09-18 15:47:38] [接收] [WiFi] Disconnecting from WiFi!
[2025-09-18 15:47:38] [接收] [WiFi] Disconnecting from WiFi!
[2025-09-18 15:47:39] [接收] [WiFi] Disconnecting from WiFi!
[2025-09-18 15:47:41] [接收] [WiFi] Disconnecting from WiFi!
[2025-09-18 15:47:42] [接收] [WiFi] Disconnecting from WiFi!
[2025-09-18 15:47:43] [接收] [WiFi] Disconnecting from WiFi!
[2025-09-18 15:47:44] [接收] [WiFi] Disconnecting from WiFi!
[2025-09-18 15:47:45] [接收] [WiFi] Disconnecting from WiFi!
[2025-09-18 15:47:46] [接收] [WiFi] Disconnecting from WiFi!
[2025-09-18 15:47:47] [接收] [WiFi] Disconnecting from WiFi!
[2025-09-18 15:47:48] [接收] [WiFi] Disconnecting from WiFi!
[2025-09-18 15:47:49] [接收] [WiFi] Disconnecting from WiFi!
[2025-09-18 15:47:50] [接收] [WiFi] Disconnecting from WiFi!
[2025-09-18 15:47:51] [接收] [WiFi] Disconnecting from WiFi!
[2025-09-18 15:47:52] [接收] [WiFi] Disconnecting from WiFi!
[2025-09-18 15:47:53] [接收] [WiFi] Disconnecting from WiFi!
[2025-09-18 15:47:54] [接收] [WiFi] Disconnecting from WiFi!
[2025-09-18 15:47:55] [接收] [WiFi] Disconnecting from WiFi!
[2025-09-18 15:47:56] [接收] [WiFi] Disconnecting from WiFi!
[2025-09-18 15:47:57] [接收] [WiFi] Disconnecting from WiFi!
[2025-09-18 15:47:58] [接收] [WiFi] Disconnecting from WiFi!
[2025-09-18 15:47:59] [接收] [WiFi] Disconnecting from WiFi!
[2025-09-18 15:48:00] [接收] [WiFi] Disconnecting from WiFi!
[2025-09-18 15:48:01] [接收] [WiFi] Disconnecting from WiFi!
[2025-09-18 15:48:02] [接收] [WiFi] Disconnecting from WiFi!
[2025-09-18 15:48:03] [接收] [WiFi] Disconnecting from WiFi!
[2025-09-18 15:48:04] [接收] [WiFi] Disconnecting from WiFi!
[2025-09-18 15:48:05] [接收] [WiFi] Disconnecting from WiFi!
[2025-09-18 15:48:06] [接收] [WiFi] Disconnecting from WiFi!
[2025-09-18 15:48:07] [接收] [WiFi] Disconnecting from WiFi!
[2025-09-18 15:48:08] [接收] [WiFi] Disconnecting from WiFi!
[2025-09-18 15:48:09] [接收] [WiFi] Disconnecting from WiFi!
[2025-09-18 15:48:10] [接收] [WiFi] Disconnecting from WiFi!
[2025-09-18 15:48:11] [接收] [WiFi] Disconnecting from WiFi!
[2025-09-18 15:48:12] [接收] [WiFi] Disconnecting from WiFi!
[2025-09-18 15:48:13] [接收] [WiFi] Disconnecting from WiFi!
[2025-09-18 15:48:14] [接收] [WiFi] Disconnecting from WiFi!
[2025-09-18 15:48:15] [接收] [WiFi] Disconnecting from WiFi!
[2025-09-18 15:48:16] [接收] [WiFi] Disconnecting from WiFi!
[2025-09-18 15:48:17] [接收] [WiFi] Disconnecting from WiFi!
[2025-09-18 15:48:18] [接收] [WiFi] Disconnecting from WiFi!
[2025-09-18 15:48:19] [接收] [WiFi] Disconnecting from WiFi!
[2025-09-18 15:48:20] [接收] [WiFi] Disconnecting from WiFi!
[2025-09-18 15:48:21] [接收] [WiFi] Disconnecting from WiFi!
[2025-09-18 15:48:22] [接收] [WiFi] Disconnecting from WiFi!
[2025-09-18 15:48:23] [接收] [WiFi] Disconnecting from WiFi!
[2025-09-18 15:48:24] [接收] [WiFi] Disconnecting from WiFi!
[2025-09-18 15:48:25] [接收] [WiFi] Disconnecting from WiFi!
[2025-09-18 15:48:26] [接收] [WiFi] Disconnecting from WiFi!
[2025-09-18 15:48:27] [接收] [WiFi] Disconnecting from WiFi!
[2025-09-18 15:48:28] [接收] [WiFi] Disconnecting from WiFi!
[2025-09-18 15:48:29] [接收] [WiFi] Disconnecting from WiFi!
[2025-09-18 15:48:30] [接收] [WiFi] Disconnecting from WiFi!
[2025-09-18 15:48:31] [接收] [WiFi] Disconnecting from WiFi!
[2025-09-18 15:48:32] [接收] [WiFi] Disconnecting from WiFi!
[2025-09-18 15:48:33] [接收] [WiFi] Disconnecting from WiFi!
[2025-09-18 15:48:34] [接收] [WiFi] Disconnecting from WiFi!
[2025-09-18 15:48:35] [接收] [WiFi] Disconnecting from WiFi!
[2025-09-18 15:48:36] [接收] [WiFi] Disconnecting from WiFi!
[2025-09-18 15:48:37] [接收] [WiFi] Disconnecting from WiFi!
[2025-09-18 15:48:38] [接收] [WiFi] Disconnecting from WiFi!
[2025-09-18 15:48:39] [接收] [WiFi] Disconnecting from WiFi!
[2025-09-18 15:48:40] [接收] [WiFi] Disconnecting from WiFi!
[2025-09-18 15:48:41] [接收] [WiFi] Disconnecting from WiFi!
[2025-09-18 15:48:42] [接收] [WiFi] Disconnecting from WiFi!
[2025-09-18 15:48:43] [接收] [WiFi] Disconnecting from WiFi!
[2025-09-18 15:48:44] [接收] [WiFi] Disconnecting from WiFi!
[2025-09-18 15:48:45] [接收] [WiFi] Disconnecting from WiFi!
[2025-09-18 15:48:46] [接收] [WiFi] Disconnecting from WiFi!
[2025-09-18 15:48:47] [接收] [WiFi] Disconnecting from WiFi!
[2025-09-18 15:48:48] [接收] [WiFi] Disconnecting from WiFi!
[2025-09-18 15:48:49] [接收] [WiFi] Disconnecting from WiFi!
[2025-09-18 15:48:50] [接收] [WiFi] Disconnecting from WiFi!
[2025-09-18 15:48:51] [接收] [WiFi] Disconnecting from WiFi!
[2025-09-18 15:48:52] [接收] [WiFi] Disconnecting from WiFi!
[2025-09-18 15:48:53] [接收] [WiFi] Disconnecting from WiFi!
[2025-09-18 15:48:54] [接收] [WiFi] Disconnecting from WiFi!
[2025-09-18 15:48:55] [接收] [WiFi] Disconnecting from WiFi!
[2025-09-18 15:48:56] [接收] [WiFi] Disconnecting from WiFi!
[2025-09-18 15:48:57] [接收] [WiFi] Disconnecting from WiFi!
[2025-09-18 15:48:58] [接收] [WiFi] Disconnecting from WiFi!
[2025-09-18 15:48:59] [接收] [WiFi] Disconnecting from WiFi!
[2025-09-18 15:49:00] [接收] [WiFi] Disconnecting from WiFi!
[2025-09-18 15:49:01] [接收] [WiFi] Disconnecting from WiFi!
[2025-09-18 15:49:02] [接收] [WiFi] Disconnecting from WiFi!
[2025-09-18 15:49:03] [接收] [WiFi] Disconnecting from WiFi!
[2025-09-18 15:49:04] [接收] [WiFi] Disconnecting from WiFi!
[2025-09-18 15:49:05] [接收] [WiFi] Disconnecting from WiFi!
[2025-09-18 15:49:06] [接收] [WiFi] Disconnecting from WiFi!
[2025-09-18 15:49:07] [接收] [WiFi] Disconnecting from WiFi!
[2025-09-18 15:49:08] [接收] [WiFi] Disconnecting from WiFi!
[2025-09-18 15:49:09] [接收] [WiFi] Disconnecting from WiFi!
[2025-09-18 15:49:10] [接收] [WiFi] Disconnecting from WiFi!
[2025-09-18 15:49:11] [接收] [WiFi] Disconnecting from WiFi!
[2025-09-18 15:49:12] [接收] [WiFi] Disconnecting from WiFi!
[2025-09-18 15:49:13] [接收] [WiFi] Disconnecting from WiFi!
[2025-09-18 15:49:14] [接收] [WiFi] Disconnecting from WiFi!
[2025-09-18 15:49:15] [接收] [WiFi] Disconnecting from WiFi!
[2025-09-18 15:49:16] [接收] [WiFi] Disconnecting from WiFi!
[2025-09-18 15:49:17] [接收] [WiFi] Disconnecting from WiFi!
[2025-09-18 15:49:18] [接收] [WiFi] Disconnecting from WiFi!
[2025-09-18 15:49:19] [接收] [WiFi] Disconnecting from WiFi!
[2025-09-18 15:49:20] [接收] [WiFi] Disconnecting from WiFi!
[2025-09-18 15:49:21] [接收] [WiFi] Disconnecting from WiFi!
[2025-09-18 15:49:22] [接收] [WiFi] Disconnecting from WiFi!
[2025-09-18 15:49:23] [接收] [WiFi] Disconnecting from WiFi!
[2025-09-18 15:49:24] [接收] [WiFi] Disconnecting from WiFi!
[2025-09-18 15:49:25] [接收] [WiFi] Disconnecting from WiFi!
[2025-09-18 15:49:26] [接收] [WiFi] Disconnecting from WiFi!
[2025-09-18 15:49:27] [接收] [WiFi] Disconnecting from WiFi!
[2025-09-18 15:49:28] [接收] [WiFi] Disconnecting from WiFi!
[2025-09-18 15:49:29] [接收] [WiFi] Disconnecting from WiFi!
[2025-09-18 15:49:30] [接收] [WiFi] Disconnecting from WiFi!
[2025-09-18 15:49:31] [接收] [WiFi] Disconnecting from WiFi!
[2025-09-18 15:49:32] [接收] [WiFi] Disconnecting from WiFi!
[2025-09-18 15:49:33] [接收] [WiFi] Disconnecting from WiFi!
[2025-09-18 15:49:34] [接收] [WiFi] Disconnecting from WiFi!
[2025-09-18 15:49:35] [接收] [WiFi] Disconnecting from WiFi!
[2025-09-18 15:49:36] [接收] [WiFi] Disconnecting from WiFi!
[2025-09-18 15:49:37] [接收] [WiFi] Disconnecting from WiFi!
[2025-09-18 15:49:38] [接收] [WiFi] Disconnecting from WiFi!
[2025-09-18 15:49:39] [接收] [WiFi] Disconnecting from WiFi!
[2025-09-18 15:49:40] [接收] [WiFi] Disconnecting from WiFi!
[2025-09-18 15:49:41] [接收] [WiFi] Disconnecting from WiFi!
[2025-09-18 15:49:42] [接收] [WiFi] Disconnecting from WiFi!
[2025-09-18 15:49:43] [接收] [WiFi] Disconnecting from WiFi!
[2025-09-18 15:49:44] [接收] [WiFi] Disconnecting from WiFi!
[2025-09-18 15:49:45] [接收] [WiFi] Disconnecting from WiFi!
[2025-09-18 15:49:46] [接收] [WiFi] Disconnecting from WiFi!
[2025-09-18 15:49:47] [接收] [WiFi] Disconnecting from WiFi!
[2025-09-18 15:49:48] [接收] [WiFi] Disconnecting from WiFi!
[2025-09-18 15:49:49] [接收] [WiFi] Disconnecting from WiFi!
[2025-09-18 15:49:50] [接收] [WiFi] Disconnecting from WiFi!
[2025-09-18 15:49:51] [接收] [WiFi] Disconnecting from WiFi!
[2025-09-18 15:49:52] [接收] [WiFi] Disconnecting from WiFi!
[2025-09-18 15:49:53] [接收] [WiFi] Disconnecting from WiFi!
[2025-09-18 15:49:54] [接收] [WiFi] Disconnecting from WiFi!
[2025-09-18 15:49:55] [接收] [WiFi] Disconnecting from WiFi!
[2025-09-18 15:49:56] [接收] [WiFi] Disconnecting from WiFi!
[2025-09-18 15:49:57] [接收] [WiFi] Disconnecting from WiFi!
[2025-09-18 15:49:58] [接收] [WiFi] Disconnecting from WiFi!
[2025-09-18 15:49:59] [接收] [WiFi] Disconnecting from WiFi!
[2025-09-18 15:50:00] [接收] [WiFi] Disconnecting from WiFi!
[2025-09-18 15:50:01] [接收] [WiFi] Disconnecting from WiFi!
[2025-09-18 15:50:02] [接收] [WiFi] Disconnecting from WiFi!
[2025-09-18 15:50:03] [接收] [WiFi] Disconnecting from WiFi!
[2025-09-18 15:50:04] [接收] [WiFi] Disconnecting from WiFi!
[2025-09-18 15:50:05] [接收] [WiFi] Disconnecting from WiFi!
[2025-09-18 15:50:06] [接收] [WiFi] Disconnecting from WiFi!
[2025-09-18 15:50:07] [接收] [WiFi] Disconnecting from WiFi!
[2025-09-18 15:50:08] [接收] [WiFi] Disconnecting from WiFi!
[2025-09-18 15:50:09] [接收] [WiFi] Disconnecting from WiFi!
[2025-09-18 15:50:10] [接收] [WiFi] Disconnecting from WiFi!
[2025-09-18 15:50:11] [接收] [WiFi] Disconnecting from WiFi!
[2025-09-18 15:50:12] [接收] [WiFi] Disconnecting from WiFi!
[2025-09-18 15:50:13] [接收] [WiFi] Disconnecting from WiFi!
[2025-09-18 15:50:14] [接收] [WiFi] Disconnecting from WiFi!
[2025-09-18 15:50:15] [接收] [WiFi] Disconnecting from WiFi!
[2025-09-18 15:50:16] [接收] [WiFi] Disconnecting from WiFi!
[2025-09-18 15:50:17] [接收] [WiFi] Disconnecting from WiFi!
[2025-09-18 15:50:18] [接收] [WiFi] Disconnecting from WiFi!
[2025-09-18 15:50:19] [接收] [WiFi] Disconnecting from WiFi!
[2025-09-18 15:50:20] [接收] [WiFi] Disconnecting from WiFi!
[2025-09-18 15:50:21] [接收] [WiFi] Disconnecting from WiFi!
[2025-09-18 15:50:22] [接收] [WiFi] Disconnecting from WiFi!
[2025-09-18 15:50:23] [接收] [WiFi] Disconnecting from WiFi!
[2025-09-18 15:50:24] [接收] [WiFi] Disconnecting from WiFi!
[2025-09-18 15:50:25] [接收] [WiFi] Disconnecting from WiFi!
[2025-09-18 15:50:26] [接收] [WiFi] Disconnecting from WiFi!
[2025-09-18 15:50:27] [接收] [WiFi] Disconnecting from WiFi!
[2025-09-18 15:50:28] [接收] [WiFi] Disconnecting from WiFi!
[2025-09-18 15:50:29] [接收] [WiFi] Disconnecting from WiFi!
[2025-09-18 15:50:30] [接收] [WiFi] Disconnecting from WiFi!
[2025-09-18 15:50:31] [接收] [WiFi] Disconnecting from WiFi!
[2025-09-18 15:50:32] [接收] [WiFi] Disconnecting from WiFi!
[2025-09-18 15:50:33] [接收] [WiFi] Disconnecting from WiFi!
[2025-09-18 15:50:34] [接收] [WiFi] Disconnecting from WiFi!
[2025-09-18 15:50:35] [接收] [WiFi] Disconnecting from WiFi!
[2025-09-18 15:50:36] [接收] [WiFi] Disconnecting from WiFi!
[2025-09-18 15:50:37] [接收] [WiFi] Disconnecting from WiFi!
[2025-09-18 15:50:38] [接收] [WiFi] Disconnecting from WiFi!
[2025-09-18 15:50:39] [接收] [WiFi] Disconnecting from WiFi!
[2025-09-18 15:50:40] [接收] [WiFi] Disconnecting from WiFi!
[2025-09-18 15:50:41] [接收] [WiFi] Disconnecting from WiFi!
[2025-09-18 15:50:42] [接收] [WiFi] Disconnecting from WiFi!
[2025-09-18 15:50:43] [接收] [WiFi] Disconnecting from WiFi!
[2025-09-18 15:50:44] [接收] [WiFi] Disconnecting from WiFi!
[2025-09-18 15:50:45] [接收] [WiFi] Disconnecting from WiFi!
[2025-09-18 15:50:46] [接收] [WiFi] Disconnecting from WiFi!
[2025-09-18 15:50:47] [接收] [WiFi] Disconnecting from WiFi!
[2025-09-18 15:50:48] [接收] [WiFi] Disconnecting from WiFi!
[2025-09-18 15:50:49] [接收] [WiFi] Disconnecting from WiFi!
[2025-09-18 15:50:50] [接收] [WiFi] Disconnecting from WiFi!
[2025-09-18 15:50:51] [接收] [WiFi] Disconnecting from WiFi!
[2025-09-18 15:50:52] [接收] [WiFi] Disconnecting from WiFi!
[2025-09-18 15:50:53] [接收] [WiFi] Disconnecting from WiFi!
[2025-09-18 15:50:54] [接收] [WiFi] Disconnecting from WiFi!
[2025-09-18 15:50:55] [接收] [WiFi] Disconnecting from WiFi!
[2025-09-18 15:50:56] [接收] [WiFi] Disconnecting from WiFi!
[2025-09-18 15:50:57] [接收] [WiFi] Disconnecting from WiFi!
[2025-09-18 15:50:58] [接收] [WiFi] Disconnecting from WiFi!
[2025-09-18 15:50:59] [接收] [WiFi] Disconnecting from WiFi!
[2025-09-18 15:51:00] [接收] [WiFi] Disconnecting from WiFi!
[2025-09-18 15:51:01] [接收] [WiFi] Disconnecting from WiFi!
[2025-09-18 15:51:02] [接收] [WiFi] Disconnecting from WiFi!
[2025-09-18 15:51:03] [接收] [WiFi] Disconnecting from WiFi!
[2025-09-18 15:51:04] [接收] [WiFi] Disconnecting from WiFi!
[2025-09-18 15:51:05] [接收] [WiFi] Disconnecting from WiFi!
[2025-09-18 15:51:06] [接收] [WiFi] Disconnecting from WiFi!
[2025-09-18 15:51:07] [接收] [WiFi] Disconnecting from WiFi!
[2025-09-18 15:51:08] [接收] [WiFi] Disconnecting from WiFi!
[2025-09-18 15:51:09] [接收] [WiFi] Disconnecting from WiFi!
[2025-09-18 15:51:10] [接收] [WiFi] Disconnecting from WiFi!
[2025-09-18 15:51:11] [接收] [WiFi] Disconnecting from WiFi!
[2025-09-18 15:51:12] [接收] [WiFi] Disconnecting from WiFi!
[2025-09-18 15:51:13] [接收] [WiFi] Disconnecting from WiFi!
[2025-09-18 15:51:14] [接收] [WiFi] Disconnecting from WiFi!
[2025-09-18 15:51:15] [接收] [WiFi] Disconnecting from WiFi!
[2025-09-18 15:51:16] [接收] [WiFi] Disconnecting from WiFi!
[2025-09-18 15:51:17] [接收] [WiFi] Disconnecting from WiFi!
[2025-09-18 15:51:18] [接收] [WiFi] Disconnecting from WiFi!
[2025-09-18 15:51:19] [接收] [WiFi] Disconnecting from WiFi!
[2025-09-18 15:51:20] [接收] [WiFi] Disconnecting from WiFi!
[2025-09-18 15:51:21] [接收] [WiFi] Disconnecting from WiFi!
[2025-09-18 15:51:22] [接收] [WiFi] Disconnecting from WiFi!
[2025-09-18 15:51:23] [接收] [WiFi] Disconnecting from WiFi!
[2025-09-18 15:51:24] [接收] [WiFi] Disconnecting from WiFi!
[2025-09-18 15:51:25] [接收] [WiFi] Disconnecting from WiFi!
[2025-09-18 15:51:26] [接收] [WiFi] Disconnecting from WiFi!
[2025-09-18 15:51:27] [接收] [WiFi] Disconnecting from WiFi!
[2025-09-18 15:51:28] [接收] [WiFi] Disconnecting from WiFi!
[2025-09-18 15:51:29] [接收] [WiFi] Disconnecting from WiFi!
[2025-09-18 15:51:30] [接收] [WiFi] Disconnecting from WiFi!
[2025-09-18 15:51:31] [接收] [WiFi] Disconnecting from WiFi!
[2025-09-18 15:51:32] [接收] [WiFi] Disconnecting from WiFi!
[2025-09-18 15:51:33] [接收] [WiFi] Disconnecting from WiFi!
[2025-09-18 15:51:34] [接收] [WiFi] Disconnecting from WiFi!
[2025-09-18 15:51:35] [接收] [WiFi] Disconnecting from WiFi!
[2025-09-18 15:51:36] [接收] [WiFi] Disconnecting from WiFi!
[2025-09-18 15:51:37] [接收] [WiFi] Disconnecting from WiFi!
[2025-09-18 15:51:38] [接收] [WiFi] Disconnecting from WiFi!
[2025-09-18 15:51:39] [接收] [WiFi] Disconnecting from WiFi!
[2025-09-18 15:51:40] [接收] [WiFi] Disconnecting from WiFi!
[2025-09-18 15:51:41] [接收] [WiFi] Disconnecting from WiFi!
[2025-09-18 15:51:42] [接收] [WiFi] Disconnecting from WiFi!
[2025-09-18 15:51:43] [接收] [WiFi] Disconnecting from WiFi!
[2025-09-18 15:51:44] [接收] [WiFi] Disconnecting from WiFi!
[2025-09-18 15:51:45] [接收] [WiFi] Disconnecting from WiFi!
[2025-09-18 15:51:46] [接收] [WiFi] Disconnecting from WiFi!
[2025-09-18 15:51:47] [接收] [WiFi] Disconnecting from WiFi!
[2025-09-18 15:51:48] [接收] [WiFi] Disconnecting from WiFi!
[2025-09-18 15:51:49] [接收] [WiFi] Disconnecting from WiFi!
[2025-09-18 15:51:50] [接收] [WiFi] Disconnecting from WiFi!
[2025-09-18 15:51:51] [接收] [WiFi] Disconnecting from WiFi!
[2025-09-18 15:51:52] [接收] [WiFi] Disconnecting from WiFi!
[2025-09-18 15:51:53] [接收] [WiFi] Disconnecting from WiFi!
[2025-09-18 15:51:54] [接收] [WiFi] Disconnecting from WiFi!
[2025-09-18 15:51:55] [接收] [WiFi] Disconnecting from WiFi!
[2025-09-18 15:51:56] [接收] [WiFi] Disconnecting from WiFi!
[2025-09-18 15:51:57] [接收] [WiFi] Disconnecting from WiFi!
[2025-09-18 15:51:58] [接收] [WiFi] Disconnecting from WiFi!
[2025-09-18 15:51:59] [接收] [WiFi] Disconnecting from WiFi!
[2025-09-18 15:52:00] [接收] [WiFi] Disconnecting from WiFi!
[2025-09-18 15:52:01] [接收] [WiFi] Disconnecting from WiFi!
[2025-09-18 15:52:02] [接收] [WiFi] Disconnecting from WiFi!
[2025-09-18 15:52:03] [接收] [WiFi] Disconnecting from WiFi!
[2025-09-18 15:52:04] [接收] [WiFi] Disconnecting from WiFi!
[2025-09-18 15:52:05] [接收] [WiFi] Disconnecting from WiFi!
[2025-09-18 15:52:06] [接收] [WiFi] Disconnecting from WiFi!
[2025-09-18 15:52:07] [接收] [WiFi] Disconnecting from WiFi!
[2025-09-18 15:52:08] [接收] [WiFi] Disconnecting from WiFi!
[2025-09-18 15:52:09] [接收] [WiFi] Disconnecting from WiFi!
[2025-09-18 15:52:10] [接收] [WiFi] Disconnecting from WiFi!
[2025-09-18 15:52:11] [接收] [WiFi] Disconnecting from WiFi!
[2025-09-18 15:52:12] [接收] [WiFi] Disconnecting from WiFi!
[2025-09-18 15:52:13] [接收] [WiFi] Disconnecting from WiFi!
[2025-09-18 15:52:14] [接收] [WiFi] Disconnecting from WiFi!
[2025-09-18 15:52:15] [接收] [WiFi] Disconnecting from WiFi!
[2025-09-18 15:52:16] [接收] [WiFi] Disconnecting from WiFi!
[2025-09-18 15:52:17] [接收] [WiFi] Disconnecting from WiFi!
[2025-09-18 15:52:18] [接收] [WiFi] Disconnecting from WiFi!
[2025-09-18 15:52:19] [接收] [WiFi] Disconnecting from WiFi!
[2025-09-18 15:52:20] [接收] [WiFi] Disconnecting from WiFi!
[2025-09-18 15:52:21] [接收] [WiFi] Disconnecting from WiFi!
[2025-09-18 15:52:22] [接收] [WiFi] Disconnecting from WiFi!
[2025-09-18 15:52:23] [接收] [WiFi] Disconnecting from WiFi!
[2025-09-18 15:52:24] [接收] [WiFi] Disconnecting from WiFi!
[2025-09-18 15:52:25] [接收] [WiFi] Disconnecting from WiFi!
[2025-09-18 15:52:26] [接收] [WiFi] Disconnecting from WiFi!
[2025-09-18 15:52:27] [接收] [WiFi] Disconnecting from WiFi!
[2025-09-18 15:52:28] [接收] [WiFi] Disconnecting from WiFi!
[2025-09-18 15:52:29] [接收] [WiFi] Disconnecting from WiFi!
[2025-09-18 15:52:30] [接收] [WiFi] Disconnecting from WiFi!
[2025-09-18 15:52:31] [接收] [WiFi] Disconnecting from WiFi!
[2025-09-18 15:52:32] [接收] [WiFi] Disconnecting from WiFi!
[2025-09-18 15:52:33] [接收] [WiFi] Disconnecting from WiFi!
[2025-09-18 15:52:34] [接收] [WiFi] Disconnecting from WiFi!
[2025-09-18 15:52:35] [接收] [WiFi] Disconnecting from WiFi!
[2025-09-18 15:52:36] [接收] [WiFi] Disconnecting from WiFi!
[2025-09-18 15:52:37] [接收] [WiFi] Disconnecting from WiFi!
[2025-09-18 15:52:38] [接收] [WiFi] Disconnecting from WiFi!
[2025-09-18 15:52:39] [接收] [WiFi] Disconnecting from WiFi!
[2025-09-18 15:52:40] [接收] [WiFi] Disconnecting from WiFi!
[2025-09-18 15:52:41] [接收] [WiFi] Disconnecting from WiFi!
[2025-09-18 15:52:42] [接收] [WiFi] Disconnecting from WiFi!
[2025-09-18 15:52:43] [接收] [WiFi] Disconnecting from WiFi!
[2025-09-18 15:52:44] [接收] [WiFi] Disconnecting from WiFi!
[2025-09-18 15:52:45] [接收] [WiFi] Disconnecting from WiFi!
[2025-09-18 15:52:46] [接收] [WiFi] Disconnecting from WiFi!
[2025-09-18 15:52:47] [接收] [WiFi] Disconnecting from WiFi!
[2025-09-18 15:52:48] [接收] [WiFi] Disconnecting from WiFi!
[2025-09-18 15:52:49] [接收] [WiFi] Disconnecting from WiFi!
[2025-09-18 15:52:50] [接收] [WiFi] Disconnecting from WiFi!
[2025-09-18 15:52:51] [接收] [WiFi] Disconnecting from WiFi!
[2025-09-18 15:52:52] [接收] [WiFi] Disconnecting from WiFi!
[2025-09-18 15:52:53] [接收] [WiFi] Disconnecting from WiFi!
[2025-09-18 15:52:54] [接收] [WiFi] Disconnecting from WiFi!
[2025-09-18 15:52:55] [接收] [WiFi] Disconnecting from WiFi!
[2025-09-18 15:52:56] [接收] [WiFi] Disconnecting from WiFi!
[2025-09-18 15:52:57] [接收] [WiFi] Disconnecting from WiFi!
[2025-09-18 15:52:58] [接收] [WiFi] Disconnecting from WiFi!
[2025-09-18 15:52:59] [接收] [WiFi] Disconnecting from WiFi!
[2025-09-18 15:53:00] [接收] [WiFi] Disconnecting from WiFi!
[2025-09-18 15:53:01] [接收] [WiFi] Disconnecting from WiFi!
[2025-09-18 15:53:02] [接收] [WiFi] Disconnecting from WiFi!
[2025-09-18 15:53:03] [接收] [WiFi] Disconnecting from WiFi!
[2025-09-18 15:53:04] [接收] [WiFi] Disconnecting from WiFi!
[2025-09-18 15:53:05] [接收] [WiFi] Disconnecting from WiFi!
[2025-09-18 15:53:06] [接收] [WiFi] Disconnecting from WiFi!
[2025-09-18 15:53:07] [接收] [WiFi] Disconnecting from WiFi!
[2025-09-18 15:53:09] [接收] [WiFi] Disconnecting from WiFi!
[2025-09-18 15:53:10] [接收] [WiFi] Disconnecting from WiFi!
[2025-09-18 15:53:10] [接收] [WiFi] Disconnecting from WiFi!
[2025-09-18 15:53:11] [接收] [WiFi] Disconnecting from WiFi!
[2025-09-18 15:53:12] [接收] [WiFi] Disconnecting from WiFi!
[2025-09-18 15:53:13] [接收] [WiFi] Disconnecting from WiFi!
[2025-09-18 15:53:15] [接收] [WiFi] Disconnecting from WiFi!
[2025-09-18 15:53:16] [接收] [WiFi] Disconnecting from WiFi!
[2025-09-18 15:53:17] [接收] [WiFi] Disconnecting from WiFi!
[2025-09-18 15:53:18] [接收] [WiFi] Disconnecting from WiFi!
[2025-09-18 15:53:18] [接收] [WiFi] Disconnecting from WiFi!
[2025-09-18 15:53:19] [接收] [WiFi] Disconnecting from WiFi!
[2025-09-18 15:53:21] [接收] [WiFi] Disconnecting from WiFi!
[2025-09-18 15:53:22] [接收] [WiFi] Disconnecting from WiFi!
[2025-09-18 15:53:23] [接收] [WiFi] Disconnecting from WiFi!
[2025-09-18 15:53:24] [接收] [WiFi] Disconnecting from WiFi!
[2025-09-18 15:53:25] [接收] [WiFi] Disconnecting from WiFi!
[2025-09-18 15:53:26] [接收] [WiFi] Disconnecting from WiFi!
[2025-09-18 15:53:27] [接收] [WiFi] Disconnecting from WiFi!
[2025-09-18 15:53:28] [接收] [WiFi] Disconnecting from WiFi!
[2025-09-18 15:53:29] [接收] [WiFi] Disconnecting from WiFi!
[2025-09-18 15:53:30] [接收] [WiFi] Disconnecting from WiFi!
[2025-09-18 15:53:31] [接收] [WiFi] Disconnecting from WiFi!
[2025-09-18 15:53:32] [接收] [WiFi] Disconnecting from WiFi!
[2025-09-18 15:53:33] [接收] [WiFi] Disconnecting from WiFi!
[2025-09-18 15:53:34] [接收] [WiFi] Disconnecting from WiFi!
[2025-09-18 15:53:35] [接收] [WiFi] Disconnecting from WiFi!
[2025-09-18 15:53:36] [接收] [WiFi] Disconnecting from WiFi!
[2025-09-18 15:53:37] [接收] [WiFi] Disconnecting from WiFi!
[2025-09-18 15:53:38] [接收] [WiFi] Disconnecting from WiFi!
[2025-09-18 15:53:39] [接收] [WiFi] Disconnecting from WiFi!
[2025-09-18 15:53:40] [接收] [WiFi] Disconnecting from WiFi!
[2025-09-18 15:53:41] [接收] [WiFi] Disconnecting from WiFi!
[2025-09-18 15:53:42] [接收] [WiFi] Disconnecting from WiFi!
[2025-09-18 15:53:43] [接收] [WiFi] Disconnecting from WiFi!
[2025-09-18 15:53:44] [接收] [WiFi] Disconnecting from WiFi!
[2025-09-18 15:53:45] [接收] [WiFi] Disconnecting from WiFi!
[2025-09-18 15:53:46] [接收] [WiFi] Disconnecting from WiFi!
[2025-09-18 15:53:47] [接收] [WiFi] Disconnecting from WiFi!
[2025-09-18 15:53:48] [接收] [WiFi] Disconnecting from WiFi!
[2025-09-18 15:53:49] [接收] [WiFi] Disconnecting from WiFi!
[2025-09-18 15:53:50] [接收] [WiFi] Disconnecting from WiFi!
[2025-09-18 15:53:51] [接收] [WiFi] Disconnecting from WiFi!
[2025-09-18 15:53:52] [接收] [WiFi] Disconnecting from WiFi!
[2025-09-18 15:53:53] [接收] [WiFi] Disconnecting from WiFi!
[2025-09-18 15:53:54] [接收] [WiFi] Disconnecting from WiFi!
[2025-09-18 15:53:55] [接收] [WiFi] Disconnecting from WiFi!
[2025-09-18 15:53:56] [接收] [WiFi] Disconnecting from WiFi!
[2025-09-18 15:53:57] [接收] [WiFi] Disconnecting from WiFi!
[2025-09-18 15:53:58] [接收] [WiFi] Disconnecting from WiFi!
[2025-09-18 15:53:59] [接收] [WiFi] Disconnecting from WiFi!
[2025-09-18 15:54:00] [接收] [WiFi] Disconnecting from WiFi!
[2025-09-18 15:54:01] [接收] [WiFi] Disconnecting from WiFi!
[2025-09-18 15:54:02] [接收] [WiFi] Disconnecting from WiFi!
[2025-09-18 15:54:03] [接收] [WiFi] Disconnecting from WiFi!
[2025-09-18 15:54:04] [接收] [WiFi] Disconnecting from WiFi!
[2025-09-18 15:54:05] [接收] [WiFi] Disconnecting from WiFi!
[2025-09-18 15:54:06] [接收] [WiFi] Disconnecting from WiFi!
[2025-09-18 15:54:07] [接收] [WiFi] Disconnecting from WiFi!
[2025-09-18 15:54:08] [接收] [WiFi] Disconnecting from WiFi!
[2025-09-18 15:54:09] [接收] [WiFi] Disconnecting from WiFi!
[2025-09-18 15:54:10] [接收] [WiFi] Disconnecting from WiFi!
[2025-09-18 15:54:11] [接收] [WiFi] Disconnecting from WiFi!
[2025-09-18 15:54:12] [接收] [WiFi] Disconnecting from WiFi!
[2025-09-18 15:54:13] [接收] [WiFi] Disconnecting from WiFi!
[2025-09-18 15:54:14] [接收] [WiFi] Disconnecting from WiFi!
[2025-09-18 15:54:15] [接收] [WiFi] Disconnecting from WiFi!
[2025-09-18 15:54:16] [接收] [WiFi] Disconnecting from WiFi!
[2025-09-18 15:54:17] [接收] [WiFi] Disconnecting from WiFi!
[2025-09-18 15:54:18] [接收] [WiFi] Disconnecting from WiFi!
[2025-09-18 15:54:19] [接收] [WiFi] Disconnecting from WiFi!
[2025-09-18 15:54:20] [接收] [WiFi] Disconnecting from WiFi!
[2025-09-18 15:54:21] [接收] [WiFi] Disconnecting from WiFi!
[2025-09-18 15:54:22] [接收] [WiFi] Disconnecting from WiFi!
[2025-09-18 15:54:23] [接收] [WiFi] Disconnecting from WiFi!
[2025-09-18 15:54:24] [接收] [WiFi] Disconnecting from WiFi!
[2025-09-18 15:54:25] [接收] [WiFi] Disconnecting from WiFi!
[2025-09-18 15:54:26] [接收] [WiFi] Disconnecting from WiFi!
[2025-09-18 15:54:27] [接收] [WiFi] Disconnecting from WiFi!
[2025-09-18 15:54:28] [接收] [WiFi] Disconnecting from WiFi!
[2025-09-18 15:54:29] [接收] [WiFi] Disconnecting from WiFi!
[2025-09-18 15:54:30] [接收] [WiFi] Disconnecting from WiFi!
[2025-09-18 15:54:31] [接收] [WiFi] Disconnecting from WiFi!
[2025-09-18 15:54:32] [接收] [WiFi] Disconnecting from WiFi!
[2025-09-18 15:54:33] [接收] [WiFi] Disconnecting from WiFi!
[2025-09-18 15:54:34] [接收] [WiFi] Disconnecting from WiFi!
[2025-09-18 15:54:35] [接收] [WiFi] Disconnecting from WiFi!
[2025-09-18 15:54:36] [接收] [WiFi] Disconnecting from WiFi!
[2025-09-18 15:54:37] [接收] [WiFi] Disconnecting from WiFi!
[2025-09-18 15:54:38] [接收] [WiFi] Disconnecting from WiFi!
[2025-09-18 15:54:39] [接收] [WiFi] Disconnecting from WiFi!
[2025-09-18 15:54:40] [接收] [WiFi] Disconnecting from WiFi!
[2025-09-18 15:54:41] [接收] [WiFi] Disconnecting from WiFi!
[2025-09-18 15:54:42] [接收] [WiFi] Disconnecting from WiFi!
[2025-09-18 15:54:43] [接收] [WiFi] Disconnecting from WiFi!
[2025-09-18 15:54:44] [接收] [WiFi] Disconnecting from WiFi!
[2025-09-18 15:54:45] [接收] [WiFi] Disconnecting from WiFi!
[2025-09-18 15:54:46] [接收] [WiFi] Disconnecting from WiFi!
[2025-09-18 15:54:47] [接收] [WiFi] Disconnecting from WiFi!
[2025-09-18 15:54:48] [接收] [WiFi] Disconnecting from WiFi!
[2025-09-18 15:54:49] [接收] [WiFi] Disconnecting from WiFi!
[2025-09-18 15:54:50] [接收] [WiFi] Disconnecting from WiFi!
[2025-09-18 15:54:51] [接收] [WiFi] Disconnecting from WiFi!
[2025-09-18 15:54:52] [接收] [WiFi] Disconnecting from WiFi!
[2025-09-18 15:54:53] [接收] [WiFi] Disconnecting from WiFi!
[2025-09-18 15:54:54] [接收] [WiFi] Disconnecting from WiFi!
[2025-09-18 15:54:55] [接收] [WiFi] Disconnecting from WiFi!
[2025-09-18 15:54:56] [接收] [WiFi] Disconnecting from WiFi!
[2025-09-18 15:54:57] [接收] [WiFi] Disconnecting from WiFi!
[2025-09-18 15:54:58] [接收] [WiFi] Disconnecting from WiFi!
[2025-09-18 15:54:59] [接收] [WiFi] Disconnecting from WiFi!
[2025-09-18 15:55:00] [接收] [WiFi] Disconnecting from WiFi!
[2025-09-18 15:55:01] [接收] [WiFi] Disconnecting from WiFi!
[2025-09-18 15:55:02] [接收] [WiFi] Disconnecting from WiFi!
[2025-09-18 15:55:03] [接收] [WiFi] Disconnecting from WiFi!
[2025-09-18 15:55:04] [接收] [WiFi] Disconnecting from WiFi!
[2025-09-18 15:55:05] [接收] [WiFi] Disconnecting from WiFi!
[2025-09-18 15:55:06] [接收] [WiFi] Disconnecting from WiFi!
[2025-09-18 15:55:07] [接收] [WiFi] Disconnecting from WiFi!
[2025-09-18 15:55:08] [接收] [WiFi] Disconnecting from WiFi!
[2025-09-18 15:55:09] [接收] [WiFi] Disconnecting from WiFi!
[2025-09-18 15:55:10] [接收] [WiFi] Disconnecting from WiFi!
[2025-09-18 15:55:11] [接收] [WiFi] Disconnecting from WiFi!
[2025-09-18 15:55:12] [接收] [WiFi] Disconnecting from WiFi!
[2025-09-18 15:55:13] [接收] [WiFi] Disconnecting from WiFi!
[2025-09-18 15:55:14] [接收] [WiFi] Disconnecting from WiFi!
[2025-09-18 15:55:15] [接收] [WiFi] Disconnecting from WiFi!
[2025-09-18 15:55:16] [接收] [WiFi] Disconnecting from WiFi!
[2025-09-18 15:55:17] [接收] [WiFi] Disconnecting from WiFi!
[2025-09-18 15:55:18] [接收] [WiFi] Disconnecting from WiFi!
[2025-09-18 15:55:19] [接收] [WiFi] Disconnecting from WiFi!
[2025-09-18 15:55:20] [接收] [WiFi] Disconnecting from WiFi!
[2025-09-18 15:55:21] [接收] [WiFi] Disconnecting from WiFi!
[2025-09-18 15:55:22] [接收] [WiFi] Disconnecting from WiFi!
[2025-09-18 15:55:23] [接收] [WiFi] Disconnecting from WiFi!
[2025-09-18 15:55:24] [接收] [WiFi] Disconnecting from WiFi!
[2025-09-18 15:55:25] [接收] [WiFi] Disconnecting from WiFi!
[2025-09-18 15:55:26] [接收] [WiFi] Disconnecting from WiFi!
[2025-09-18 15:55:27] [接收] [WiFi] Disconnecting from WiFi!
[2025-09-18 15:55:28] [接收] [WiFi] Disconnecting from WiFi!
[2025-09-18 15:55:29] [接收] [WiFi] Disconnecting from WiFi!
[2025-09-18 15:55:30] [接收] [WiFi] Disconnecting from WiFi!
[2025-09-18 15:55:31] [接收] [WiFi] Disconnecting from WiFi!
[2025-09-18 15:55:32] [接收] [WiFi] Disconnecting from WiFi!
[2025-09-18 15:55:33] [接收] [WiFi] Disconnecting from WiFi!
[2025-09-18 15:55:34] [接收] [WiFi] Disconnecting from WiFi!
[2025-09-18 15:55:35] [接收] [WiFi] Disconnecting from WiFi!
[2025-09-18 15:55:36] [接收] [WiFi] Disconnecting from WiFi!
[2025-09-18 15:55:37] [接收] [WiFi] Disconnecting from WiFi!
[2025-09-18 15:55:38] [接收] [WiFi] Disconnecting from WiFi!
[2025-09-18 15:55:39] [接收] [WiFi] Disconnecting from WiFi!
[2025-09-18 15:55:40] [接收] [WiFi] Disconnecting from WiFi!
[2025-09-18 15:55:41] [接收] [WiFi] Disconnecting from WiFi!
[2025-09-18 15:55:42] [接收] [WiFi] Disconnecting from WiFi!
[2025-09-18 15:55:43] [接收] [WiFi] Disconnecting from WiFi!
[2025-09-18 15:55:44] [接收] [WiFi] Disconnecting from WiFi!
[2025-09-18 15:55:45] [接收] [WiFi] Disconnecting from WiFi!
[2025-09-18 15:55:46] [接收] [WiFi] Disconnecting from WiFi!
[2025-09-18 15:55:47] [接收] [WiFi] Disconnecting from WiFi!
[2025-09-18 15:55:48] [接收] [WiFi] Disconnecting from WiFi!
[2025-09-18 15:55:49] [接收] [WiFi] Disconnecting from WiFi!
[2025-09-18 15:55:50] [接收] [WiFi] Disconnecting from WiFi!
[2025-09-18 15:55:51] [接收] [WiFi] Disconnecting from WiFi!
[2025-09-18 15:55:52] [接收] [WiFi] Disconnecting from WiFi!
[2025-09-18 15:55:53] [接收] [WiFi] Disconnecting from WiFi!
[2025-09-18 15:55:54] [接收] [WiFi] Disconnecting from WiFi!
[2025-09-18 15:55:55] [接收] [WiFi] Disconnecting from WiFi!
[2025-09-18 15:55:56] [接收] [WiFi] Disconnecting from WiFi!
[2025-09-18 15:55:57] [接收] [WiFi] Disconnecting from WiFi!
[2025-09-18 15:55:58] [接收] [WiFi] Disconnecting from WiFi!
[2025-09-18 15:55:59] [接收] [WiFi] Disconnecting from WiFi!
[2025-09-18 15:56:00] [接收] [WiFi] Disconnecting from WiFi!
[2025-09-18 15:56:01] [接收] [WiFi] Disconnecting from WiFi!
[2025-09-18 15:56:02] [接收] [WiFi] Disconnecting from WiFi!
[2025-09-18 15:56:03] [接收] [WiFi] Disconnecting from WiFi!
[2025-09-18 15:56:04] [接收] [WiFi] Disconnecting from WiFi!
[2025-09-18 15:56:05] [接收] [WiFi] Disconnecting from WiFi!
[2025-09-18 15:56:06] [接收] [WiFi] Disconnecting from WiFi!
[2025-09-18 15:56:07] [接收] [WiFi] Disconnecting from WiFi!
[2025-09-18 15:56:08] [接收] [WiFi] Disconnecting from WiFi!
[2025-09-18 15:56:09] [接收] [WiFi] Disconnecting from WiFi!
[2025-09-18 15:56:10] [接收] [WiFi] Disconnecting from WiFi!
[2025-09-18 15:56:11] [接收] [WiFi] Disconnecting from WiFi!
[2025-09-18 15:56:12] [接收] [WiFi] Disconnecting from WiFi!
[2025-09-18 15:56:13] [接收] [WiFi] Disconnecting from WiFi!
[2025-09-18 15:56:14] [接收] [WiFi] Disconnecting from WiFi!
[2025-09-18 15:56:15] [接收] [WiFi] Disconnecting from WiFi!
[2025-09-18 15:56:16] [接收] [WiFi] Disconnecting from WiFi!
[2025-09-18 15:56:17] [接收] [WiFi] Disconnecting from WiFi!
[2025-09-18 15:56:18] [接收] [WiFi] Disconnecting from WiFi!
[2025-09-18 15:56:19] [接收] [WiFi] Disconnecting from WiFi!
[2025-09-18 15:56:20] [接收] [WiFi] Disconnecting from WiFi!
[2025-09-18 15:56:21] [接收] [WiFi] Disconnecting from WiFi!
[2025-09-18 15:56:22] [接收] [WiFi] Disconnecting from WiFi!
[2025-09-18 15:56:23] [接收] [WiFi] Disconnecting from WiFi!
[2025-09-18 15:56:24] [接收] [WiFi] Disconnecting from WiFi!
[2025-09-18 15:56:25] [接收] [WiFi] Disconnecting from WiFi!
[2025-09-18 15:56:26] [接收] [WiFi] Disconnecting from WiFi!
[2025-09-18 15:56:27] [接收] [WiFi] Disconnecting from WiFi!
[2025-09-18 15:56:28] [接收] [WiFi] Disconnecting from WiFi!
[2025-09-18 15:56:29] [接收] [WiFi] Disconnecting from WiFi!
[2025-09-18 15:56:30] [接收] [WiFi] Disconnecting from WiFi!
[2025-09-18 15:56:31] [接收] [WiFi] Disconnecting from WiFi!
[2025-09-18 15:56:32] [接收] [WiFi] Disconnecting from WiFi!
[2025-09-18 15:56:33] [接收] [WiFi] Disconnecting from WiFi!
[2025-09-18 15:56:34] [接收] [WiFi] Disconnecting from WiFi!
[2025-09-18 15:56:35] [接收] [WiFi] Disconnecting from WiFi!
[2025-09-18 15:56:36] [接收] [WiFi] Disconnecting from WiFi!
[2025-09-18 15:56:37] [接收] [WiFi] Disconnecting from WiFi!
[2025-09-18 15:56:38] [接收] [WiFi] Disconnecting from WiFi!
[2025-09-18 15:56:39] [接收] [WiFi] Disconnecting from WiFi!
[2025-09-18 15:56:40] [接收] [WiFi] Disconnecting from WiFi!
[2025-09-18 15:56:41] [接收] [WiFi] Disconnecting from WiFi!
[2025-09-18 15:56:42] [接收] [WiFi] Disconnecting from WiFi!
[2025-09-18 15:56:43] [接收] [WiFi] Disconnecting from WiFi!
[2025-09-18 15:56:44] [接收] [WiFi] Disconnecting from WiFi!
[2025-09-18 15:56:45] [接收] [WiFi] Disconnecting from WiFi!
[2025-09-18 15:56:46] [接收] [WiFi] Disconnecting from WiFi!
[2025-09-18 15:56:47] [接收] [WiFi] Disconnecting from WiFi!
[2025-09-18 15:56:48] [接收] [WiFi] Disconnecting from WiFi!
[2025-09-18 15:56:49] [接收] [WiFi] Disconnecting from WiFi!
[2025-09-18 15:56:50] [接收] [WiFi] Disconnecting from WiFi!
[2025-09-18 15:56:51] [接收] [WiFi] Disconnecting from WiFi!
[2025-09-18 15:56:52] [接收] [WiFi] Disconnecting from WiFi!
[2025-09-18 15:56:53] [接收] [WiFi] Disconnecting from WiFi!
[2025-09-18 15:56:54] [接收] [WiFi] Disconnecting from WiFi!
[2025-09-18 15:56:55] [接收] [WiFi] Disconnecting from WiFi!
[2025-09-18 15:56:56] [接收] [WiFi] Disconnecting from WiFi!
[2025-09-18 15:56:57] [接收] [WiFi] Disconnecting from WiFi!
[2025-09-18 15:56:58] [接收] [WiFi] Disconnecting from WiFi!
[2025-09-18 15:56:59] [接收] [WiFi] Disconnecting from WiFi!
[2025-09-18 15:57:00] [接收] [WiFi] Disconnecting from WiFi!
[2025-09-18 15:57:01] [接收] [WiFi] Disconnecting from WiFi!
[2025-09-18 15:57:02] [接收] [WiFi] Disconnecting from WiFi!
[2025-09-18 15:57:03] [接收] [WiFi] Disconnecting from WiFi!
[2025-09-18 15:57:04] [接收] [WiFi] Disconnecting from WiFi!
[2025-09-18 15:57:05] [接收] [WiFi] Disconnecting from WiFi!
[2025-09-18 15:57:06] [接收] [WiFi] Disconnecting from WiFi!
[2025-09-18 15:57:07] [接收] [WiFi] Disconnecting from WiFi!
[2025-09-18 15:57:08] [接收] [WiFi] Disconnecting from WiFi!
[2025-09-18 15:57:09] [接收] [WiFi] Disconnecting from WiFi!
[2025-09-18 15:57:10] [接收] [WiFi] Disconnecting from WiFi!
[2025-09-18 15:57:11] [接收] [WiFi] Disconnecting from WiFi!
[2025-09-18 15:57:12] [接收] [WiFi] Disconnecting from WiFi!
[2025-09-18 15:57:13] [接收] [WiFi] Disconnecting from WiFi!
[2025-09-18 15:57:14] [接收] [WiFi] Disconnecting from WiFi!
[2025-09-18 15:57:15] [接收] [WiFi] Disconnecting from WiFi!
[2025-09-18 15:57:16] [接收] [WiFi] Disconnecting from WiFi!
[2025-09-18 15:57:17] [接收] [WiFi] Disconnecting from WiFi!
[2025-09-18 15:57:18] [接收] [WiFi] Disconnecting from WiFi!
[2025-09-18 15:57:19] [接收] [WiFi] Disconnecting from WiFi!
[2025-09-18 15:57:20] [接收] [WiFi] Disconnecting from WiFi!
[2025-09-18 15:57:21] [接收] [WiFi] Disconnecting from WiFi!
[2025-09-18 15:57:22] [接收] [WiFi] Disconnecting from WiFi!
[2025-09-18 15:57:23] [接收] [WiFi] Disconnecting from WiFi!
[2025-09-18 15:57:24] [接收] [WiFi] Disconnecting from WiFi!
[2025-09-18 15:57:25] [接收] [WiFi] Disconnecting from WiFi!
[2025-09-18 15:57:26] [接收] [WiFi] Disconnecting from WiFi!
[2025-09-18 15:57:27] [接收] [WiFi] Disconnecting from WiFi!
[2025-09-18 15:57:28] [接收] [WiFi] Disconnecting from WiFi!
[2025-09-18 15:57:29] [接收] [WiFi] Disconnecting from WiFi!
[2025-09-18 15:57:30] [接收] [WiFi] Disconnecting from WiFi!
[2025-09-18 15:57:31] [接收] [WiFi] Disconnecting from WiFi!
[2025-09-18 15:57:32] [接收] [WiFi] Disconnecting from WiFi!
[2025-09-18 15:57:33] [接收] [WiFi] Disconnecting from WiFi!
[2025-09-18 15:57:34] [接收] [WiFi] Disconnecting from WiFi!
[2025-09-18 15:57:35] [接收] [WiFi] Disconnecting from WiFi!
[2025-09-18 15:57:36] [接收] [WiFi] Disconnecting from WiFi!
[2025-09-18 15:57:37] [接收] [WiFi] Disconnecting from WiFi!
[2025-09-18 15:57:38] [接收] [WiFi] Disconnecting from WiFi!
[2025-09-18 15:57:39] [接收] [WiFi] Disconnecting from WiFi!
[2025-09-18 15:57:40] [接收] [WiFi] Disconnecting from WiFi!
[2025-09-18 15:57:41] [接收] [WiFi] Disconnecting from WiFi!
[2025-09-18 15:57:42] [接收] [WiFi] Disconnecting from WiFi!
[2025-09-18 15:57:43] [接收] [WiFi] Disconnecting from WiFi!
[2025-09-18 15:57:44] [接收] [WiFi] Disconnecting from WiFi!
[2025-09-18 15:57:45] [接收] [WiFi] Disconnecting from WiFi!
[2025-09-18 15:57:46] [接收] [WiFi] Disconnecting from WiFi!
[2025-09-18 15:57:47] [接收] [WiFi] Disconnecting from WiFi!
[2025-09-18 15:57:48] [接收] [WiFi] Disconnecting from WiFi!
[2025-09-18 15:57:49] [接收] [WiFi] Disconnecting from WiFi!
[2025-09-18 15:57:50] [接收] [WiFi] Disconnecting from WiFi!
[2025-09-18 15:57:51] [接收] [WiFi] Disconnecting from WiFi!
[2025-09-18 15:57:52] [接收] [WiFi] Disconnecting from WiFi!
[2025-09-18 15:57:53] [接收] [WiFi] Disconnecting from WiFi!
[2025-09-18 15:57:54] [接收] [WiFi] Disconnecting from WiFi!
[2025-09-18 15:57:55] [接收] [WiFi] Disconnecting from WiFi!
[2025-09-18 15:57:56] [接收] [WiFi] Disconnecting from WiFi!
[2025-09-18 15:57:57] [接收] [WiFi] Disconnecting from WiFi!
[2025-09-18 15:57:58] [接收] [WiFi] Disconnecting from WiFi!
[2025-09-18 15:57:59] [接收] [WiFi] Disconnecting from WiFi!
[2025-09-18 15:58:00] [接收] [WiFi] Disconnecting from WiFi!
[2025-09-18 15:58:01] [接收] [WiFi] Disconnecting from WiFi!
[2025-09-18 15:58:02] [接收] [WiFi] Disconnecting from WiFi!
[2025-09-18 15:58:03] [接收] [WiFi] Disconnecting from WiFi!
[2025-09-18 15:58:04] [接收] [WiFi] Disconnecting from WiFi!
[2025-09-18 15:58:05] [接收] [WiFi] Disconnecting from WiFi!
[2025-09-18 15:58:06] [接收] [WiFi] Disconnecting from WiFi!
[2025-09-18 15:58:07] [接收] [WiFi] Disconnecting from WiFi!
[2025-09-18 15:58:08] [接收] [WiFi] Disconnecting from WiFi!
[2025-09-18 15:58:09] [接收] [WiFi] Disconnecting from WiFi!
[2025-09-18 15:58:10] [接收] [WiFi] Disconnecting from WiFi!
[2025-09-18 15:58:11] [接收] [WiFi] Disconnecting from WiFi!
[2025-09-18 15:58:12] [接收] [WiFi] Disconnecting from WiFi!
[2025-09-18 15:58:13] [接收] [WiFi] Disconnecting from WiFi!
[2025-09-18 15:58:14] [接收] [WiFi] Disconnecting from WiFi!
[2025-09-18 15:58:15] [接收] [WiFi] Disconnecting from WiFi!
[2025-09-18 15:58:16] [接收] [WiFi] Disconnecting from WiFi!
[2025-09-18 15:58:17] [接收] [WiFi] Disconnecting from WiFi!
[2025-09-18 15:58:18] [接收] [WiFi] Disconnecting from WiFi!
[2025-09-18 15:58:19] [接收] [WiFi] Disconnecting from WiFi!
[2025-09-18 15:58:20] [接收] [WiFi] Disconnecting from WiFi!
[2025-09-18 15:58:21] [接收] [WiFi] Disconnecting from WiFi!
[2025-09-18 15:58:22] [接收] [WiFi] Disconnecting from WiFi!
[2025-09-18 15:58:23] [接收] [WiFi] Disconnecting from WiFi!
[2025-09-18 15:58:24] [接收] [WiFi] Disconnecting from WiFi!
[2025-09-18 15:58:25] [接收] [WiFi] Disconnecting from WiFi!
